stepOnFre/build/outputs/mapping/release/seeds.txt
com.corusen.steponfre.AccuService
com.corusen.steponfre.AccuService: AccuService()
com.corusen.steponfre.AccuServiceAlarmReceiver
com.corusen.steponfre.AccuServiceAlarmReceiver: AccuServiceAlarmReceiver()
com.corusen.steponfre.ActivityBackupTabs
com.corusen.steponfre.ActivityBackupTabs: ActivityBackupTabs()
com.corusen.steponfre.ActivityHistoryEditsteps
com.corusen.steponfre.ActivityHistoryEditsteps: ActivityHistoryEditsteps()
com.corusen.steponfre.ActivityShareTabs
com.corusen.steponfre.ActivityShareTabs: ActivityShareTabs()
com.corusen.steponfre.AnalyticsSampleApp
com.corusen.steponfre.AnalyticsSampleApp: AnalyticsSampleApp()
com.corusen.steponfre.AnalyticsSampleApp$TrackerName: com.corusen.steponfre.AnalyticsSampleApp$TrackerName[] values()
com.corusen.steponfre.AnalyticsSampleApp$TrackerName: com.corusen.steponfre.AnalyticsSampleApp$TrackerName valueOf(java.lang.String)
com.corusen.steponfre.BaseActivity: BaseActivity()
com.corusen.steponfre.FragmentFacebook$PendingAction: com.corusen.steponfre.FragmentFacebook$PendingAction[] values()
com.corusen.steponfre.FragmentFacebook$PendingAction: com.corusen.steponfre.FragmentFacebook$PendingAction valueOf(java.lang.String)
com.corusen.steponfre.PedoWidget4
com.corusen.steponfre.PedoWidget4: PedoWidget4()
com.corusen.steponfre.Pedometer
com.corusen.steponfre.Pedometer: Pedometer()
com.corusen.steponfre.R$array: int consecutive_preference
com.corusen.steponfre.R$array: int consecutive_preference_values
com.corusen.steponfre.R$array: int exercise_type_preference
com.corusen.steponfre.R$array: int exercise_type_preference_values
com.corusen.steponfre.R$array: int gender_preference
com.corusen.steponfre.R$array: int gender_preference_values
com.corusen.steponfre.R$array: int locale_type_preference
com.corusen.steponfre.R$array: int locale_type_preference_values
com.corusen.steponfre.R$array: int nav_drawer_icons
com.corusen.steponfre.R$array: int nav_drawer_items
com.corusen.steponfre.R$array: int operation_level_preference
com.corusen.steponfre.R$array: int operation_level_preference_values
com.corusen.steponfre.R$array: int power_usage_type_preference
com.corusen.steponfre.R$array: int power_usage_type_preference_values
com.corusen.steponfre.R$array: int screen_skin_type_preference
com.corusen.steponfre.R$array: int screen_skin_type_preference_values
com.corusen.steponfre.R$array: int sensitivity_preference
com.corusen.steponfre.R$array: int sensitivity_preference_values
com.corusen.steponfre.R$array: int speed_type_preference
com.corusen.steponfre.R$array: int speed_type_preference_values
com.corusen.steponfre.R$array: int units_preference
com.corusen.steponfre.R$array: int units_preference_values
com.corusen.steponfre.R$array: int week_type_preference
com.corusen.steponfre.R$array: int week_type_preference_values
...
com.inmobi.monetization.IMBanner$1
com.inmobi.monetization.IMBanner$1: com.inmobi.monetization.IMBanner a
com.inmobi.monetization.IMBanner$1: IMBanner$1(com.inmobi.monetization.IMBanner)
com.inmobi.monetization.IMBanner$1: void onShowAdScreen()
com.inmobi.monetization.IMBanner$1: void onLeaveApplication()
com.inmobi.monetization.IMBanner$1: void onDismissAdScreen()
com.inmobi.monetization.IMBanner$1: void onAdRequestSucceeded()
com.inmobi.monetization.IMBanner$1: void onAdRequestFailed(com.inmobi.monetization.internal.AdErrorCode)
com.inmobi.monetization.IMBanner$1: void onAdInteraction(java.util.Map)
com.inmobi.monetization.IMBanner$1: void onIncentCompleted(java.util.Map)
com.inmobi.monetization.IMBanner$2
com.inmobi.monetization.IMBanner$2: int a
com.inmobi.monetization.IMBanner$2: com.inmobi.monetization.internal.AdErrorCode b
com.inmobi.monetization.IMBanner$2: java.util.Map c
com.inmobi.monetization.IMBanner$2: com.inmobi.monetization.IMBanner d
com.inmobi.monetization.IMBanner$2: IMBanner$2(com.inmobi.monetization.IMBanner,int,com.inmobi.monetization.internal.AdErrorCode,java.util.Map)
com.inmobi.monetization.IMBanner$2: void run()
com.inmobi.monetization.IMBannerListener
com.inmobi.monetization.IMBannerListener: void onBannerRequestFailed(com.inmobi.monetization.IMBanner,com.inmobi.monetization.IMErrorCode)
com.inmobi.monetization.IMBannerListener: void onBannerRequestSucceeded(com.inmobi.monetization.IMBanner)
com.inmobi.monetization.IMBannerListener: void onBannerInteraction(com.inmobi.monetization.IMBanner,java.util.Map)
com.inmobi.monetization.IMBannerListener: void onShowBannerScreen(com.inmobi.monetization.IMBanner)
com.inmobi.monetization.IMBannerListener: void onDismissBannerScreen(com.inmobi.monetization.IMBanner)
com.inmobi.monetization.IMBannerListener: void onLeaveApplication(com.inmobi.monetization.IMBanner)
com.inmobi.monetization.IMErrorCode
com.inmobi.monetization.IMErrorCode: com.inmobi.monetization.IMErrorCode INVALID_REQUEST
com.inmobi.monetization.IMErrorCode: com.inmobi.monetization.IMErrorCode INTERNAL_ERROR
com.inmobi.monetization.IMErrorCode: com.inmobi.monetization.IMErrorCode NO_FILL
com.inmobi.monetization.IMErrorCode: com.inmobi.monetization.IMErrorCode DO_MONETIZE
com.inmobi.monetization.IMErrorCode: com.inmobi.monetization.IMErrorCode DO_NOTHING
com.inmobi.monetization.IMErrorCode: com.inmobi.monetization.IMErrorCode NETWORK_ERROR
com.inmobi.monetization.IMErrorCode: java.lang.String a
com.inmobi.monetization.IMErrorCode: com.inmobi.monetization.IMErrorCode[] b
com.inmobi.monetization.IMErrorCode: com.inmobi.monetization.IMErrorCode[] values()
com.inmobi.monetization.IMErrorCode: com.inmobi.monetization.IMErrorCode valueOf(java.lang.String)
com.inmobi.monetization.IMErrorCode: IMErrorCode(java.lang.String,int,java.lang.String)
com.inmobi.monetization.IMErrorCode: java.lang.String toString()
com.inmobi.monetization.IMErrorCode: void setMessage(java.lang.String)
com.inmobi.monetization.IMErrorCode: com.inmobi.monetization.IMErrorCode a(com.inmobi.monetization.internal.AdErrorCode)
com.inmobi.monetization.IMErrorCode: void <clinit>()
com.inmobi.monetization.IMErrorCode$1
com.inmobi.monetization.IMErrorCode$1: int[] a
com.inmobi.monetization.IMErrorCode$1: void <clinit>()
com.inmobi.monetization.IMIncentivisedListener
com.inmobi.monetization.IMIncentivisedListener: void onIncentCompleted(com.inmobi.monetization.IMInterstitial,java.util.Map)