stepOnFre/build/outputs/mapping/release/mapping.txt
com.corusen.steponfre.AccuService -> com.corusen.steponfre.AccuService:
    android.content.SharedPreferences mSettings -> X
    com.corusen.steponfre.PedometerSettings mPedometerSettings -> Y
    com.corusen.steponfre.PedometerStates mPedometerStates -> Z
    android.content.SharedPreferences mStates -> aa
    android.hardware.SensorManager mSensorManager -> ab
    android.hardware.Sensor mSensor -> ac
    com.corusen.steponfre.StepDetector mStepDetector -> ad
    com.corusen.steponfre.StepDisplayer mStepDisplayer -> a
    com.corusen.steponfre.DistanceNotifier mDistanceNotifier -> b
    com.corusen.steponfre.SpeedNotifier mSpeedNotifier -> c
    com.corusen.steponfre.PaceNotifier mPaceNotifier -> d
    com.corusen.steponfre.CaloriesNotifier mCaloriesNotifier -> e
    com.corusen.steponfre.SteptimeNotifier mSteptimeNotifier -> f
    android.os.PowerManager$WakeLock mWakeLock -> ae
    int mOperationMode -> g
    int mOperationModePast -> h
    int mOldSteps -> af
    int mSession -> ag
    int mLap -> ah
    int mLapsteps -> ai
    float mLapdistance -> aj
    float mLapcalories -> ak
    long mLapsteptime -> al
    int mSteps -> i
    float mDistance -> am
    float mCalories -> an
    float mSpeed -> ao
    int mPace -> ap
    long mSteptime -> j
    boolean mIsMetric -> k
    boolean mIsSpeedAverage -> l
    int mGoalSteps -> aq
    float mPercent -> ar
    int mScreenAcitionBarColor -> m
    int mScreenStepTextColor -> n
    int mScreenOtherTextColor -> o
com.corusen.steponfre.AccuService$1 -> com.corusen.steponfre.a:
    com.corusen.steponfre.AccuService this$0 -> a
    void stepsChanged(int,int) -> a
    void passValue() -> a
com.corusen.steponfre.AccuService$2 -> com.corusen.steponfre.b:
    com.corusen.steponfre.AccuService this$0 -> a
    void valueChanged(float,float) -> a
    void passValue() -> a
com.corusen.steponfre.AccuService$3 -> com.corusen.steponfre.c:
    com.corusen.steponfre.AccuService this$0 -> a
    void paceChanged(int) -> a
    void passValue() -> a
com.corusen.steponfre.AccuService$4 -> com.corusen.steponfre.d:
    com.corusen.steponfre.AccuService this$0 -> a
    void valueChanged(float) -> a
    void passValue() -> a
com.corusen.steponfre.AccuService$5 -> com.corusen.steponfre.e:
    com.corusen.steponfre.AccuService this$0 -> a
    void valueChanged(float,float) -> a
    void passValue() -> a
com.corusen.steponfre.AccuService$6 -> com.corusen.steponfre.f:
    com.corusen.steponfre.AccuService this$0 -> a
    void valueChanged(long,long) -> a
    void passValue() -> a
com.corusen.steponfre.AccuService$7 -> com.corusen.steponfre.g:
    com.corusen.steponfre.AccuService this$0 -> a
    void onReceive(android.content.Context,android.content.Intent) -> onReceive
com.corusen.steponfre.AccuService$8 -> com.corusen.steponfre.h:
    com.corusen.steponfre.AccuService this$0 -> a
    void run() -> run
com.corusen.steponfre.AccuService$9 -> com.corusen.steponfre.i:
    com.corusen.steponfre.AccuService this$0 -> a
    void run() -> run
com.corusen.steponfre.AccuService$ICallback -> com.corusen.steponfre.j:
    void stepsChanged(int,int) -> a
    void distanceChanged(float,float) -> a
    void paceChanged(int) -> a
    void speedChanged(float) -> a
    void caloriesChanged(float,float) -> b
    void steptimeChanged(long,long) -> a
    void updateDisplay(int) -> b
    void goalChanged(int) -> c
    void percentChanged(float) -> b
    void lapnumberChanged(int) -> d
    void hourlyChartChanged(int) -> e
com.corusen.steponfre.AccuService$StepBinder -> com.corusen.steponfre.k:
    com.corusen.steponfre.AccuService this$0 -> a
    com.corusen.steponfre.AccuService getService() -> a
com.corusen.steponfre.AccuServiceAlarmReceiver -> com.corusen.steponfre.AccuServiceAlarmReceiver:
    void onReceive(android.content.Context,android.content.Intent) -> onReceive
...
com.google.api.client.json.JsonPolymorphicTypeMap$TypeDef -> com.google.a.a.d.k:
    java.lang.String key() -> a
    java.lang.Class ref() -> b
com.google.api.client.json.JsonString -> com.google.a.a.d.l:
com.google.api.client.json.JsonToken -> com.google.a.a.d.m:
    com.google.api.client.json.JsonToken START_ARRAY -> a
    com.google.api.client.json.JsonToken END_ARRAY -> b
    com.google.api.client.json.JsonToken START_OBJECT -> c
    com.google.api.client.json.JsonToken END_OBJECT -> d
    com.google.api.client.json.JsonToken FIELD_NAME -> e
    com.google.api.client.json.JsonToken VALUE_STRING -> f
    com.google.api.client.json.JsonToken VALUE_NUMBER_INT -> g
    com.google.api.client.json.JsonToken VALUE_NUMBER_FLOAT -> h
    com.google.api.client.json.JsonToken VALUE_TRUE -> i
    com.google.api.client.json.JsonToken VALUE_FALSE -> j
    com.google.api.client.json.JsonToken VALUE_NULL -> k
    com.google.api.client.json.JsonToken NOT_AVAILABLE -> l
    com.google.api.client.json.JsonToken[] $VALUES -> m
    com.google.api.client.json.JsonToken[] values() -> values
    com.google.api.client.json.JsonToken valueOf(java.lang.String) -> valueOf
com.google.api.client.json.gson.GsonFactory -> com.google.a.a.d.a.a:
    com.google.api.client.json.JsonParser createJsonParser(java.io.InputStream) -> a
    com.google.api.client.json.JsonParser createJsonParser(java.io.InputStream,java.nio.charset.Charset) -> a
    com.google.api.client.json.JsonParser createJsonParser(java.lang.String) -> a
    com.google.api.client.json.JsonParser createJsonParser(java.io.Reader) -> a
    com.google.api.client.json.JsonGenerator createJsonGenerator(java.io.OutputStream,java.nio.charset.Charset) -> a
    com.google.api.client.json.JsonGenerator createJsonGenerator(java.io.Writer) -> a
com.google.api.client.json.gson.GsonGenerator -> com.google.a.a.d.a.b:
    com.google.gson.stream.JsonWriter writer -> a
    com.google.api.client.json.gson.GsonFactory factory -> b
    void flush() -> a
    void writeBoolean(boolean) -> a
    void writeEndArray() -> c
    void writeEndObject() -> e
    void writeFieldName(java.lang.String) -> a
    void writeNull() -> f
    void writeNumber(int) -> a
    void writeNumber(long) -> a
    void writeNumber(java.math.BigInteger) -> a
    void writeNumber(double) -> a
    void writeNumber(float) -> a
    void writeNumber(java.math.BigDecimal) -> a
    void writeStartArray() -> b
    void writeStartObject() -> d
    void writeString(java.lang.String) -> b
    void enablePrettyPrint() -> g
com.google.api.client.json.gson.GsonParser -> com.google.a.a.d.a.c:
    com.google.gson.stream.JsonReader reader -> a
    com.google.api.client.json.gson.GsonFactory factory -> b
    java.util.List currentNameStack -> c
    com.google.api.client.json.JsonToken currentToken -> d
    java.lang.String currentText -> e
    void close() -> b
    java.lang.String getCurrentName() -> e
    com.google.api.client.json.JsonToken getCurrentToken() -> d
    com.google.api.client.json.JsonFactory getFactory() -> a
    byte getByteValue() -> h
    short getShortValue() -> i
    int getIntValue() -> j
    float getFloatValue() -> k
    java.math.BigInteger getBigIntegerValue() -> n
    java.math.BigDecimal getDecimalValue() -> o
    double getDoubleValue() -> m
    long getLongValue() -> l
    void checkNumber() -> p
    java.lang.String getText() -> g
    com.google.api.client.json.JsonToken nextToken() -> c
    com.google.api.client.json.JsonParser skipChildren() -> f
com.google.api.client.json.gson.GsonParser$1 -> com.google.a.a.d.a.d:
    int[] $SwitchMap$com$google$api$client$json$JsonToken -> a
    int[] $SwitchMap$com$google$gson$stream$JsonToken -> b