stepOnFre/build/outputs/mapping/release/usage.txt
com.corusen.steponfre.AccuService:
    public static final int TRIAL_DAYS_LIMIT
    public static final int NUM_DAYS_KEEP_DATA
    public static final java.lang.String ACCUPEDO_WIDGET_DETAIL
    public static final java.lang.String ACCUPEDO_MODE_CHANGE
    public static final java.lang.String ACCUPEDO_TRIPA_RESET
    public static final java.lang.String ACCUPEDO_PAUSE_REQUEST
    public static final java.lang.String ACCUPEDO_RELEASE_REQUEST
    public static final java.lang.String ACCUPEDO_DAILYLOG_ALARM
    public static final java.lang.String ACCUPEDO_SAVESTATES_ALARM
    public static final java.lang.String ACCUPEDO_SAVESTATES_ONEMINUTE
    public static final java.lang.String ACCUPEDO_UPDATE_REQUEST
    public static final java.lang.String ACCUPEDO_SETTINGS_RELOAD
    public static final java.lang.String ACCUPEDO_WAKE_ALARM
    public static final java.lang.String ACCUPEDO_CONTENT_PROVIDER_DIARIES
    public static final java.lang.String ACCUPEDO_WIDGET_PAUSE
    public static final java.lang.String ACCUPEDO_SET_INITIAL_DATA
    public static final java.lang.String ACCUPEDO_SAVE_DB_REQUEST
    public static final java.lang.String ACCUPEDO_EDITSTEPS_REQUEST
    public static final java.lang.String ACCUPEDO_EDITSTEPS_TODAY_REQUEST
    public static final java.lang.String ACCUPEDO_EDITSTEPS_HISTORY_REQUEST
    public static final java.lang.String ACCUPEDO_SERVICE_RESTART_ALARM
    private static final java.lang.String TAG
    int[] mAppWidgetIds2
com.corusen.steponfre.AccuService$ICallback:
    public abstract void weatherChanged(float)
com.corusen.steponfre.AnalyticsSampleApp:
    private static final java.lang.String PROPERTY_ID
    public static final java.lang.String TAG
    private static final java.lang.String APP_KEY
    private static final java.lang.String APP_SECRET
com.corusen.steponfre.ArrayQueue
com.corusen.steponfre.BaseActivity:
    private static final java.lang.String KIIP_TAG
com.corusen.steponfre.BuildConfig
com.corusen.steponfre.CaloriesNotifier:
    113:113:public void passValue()
com.corusen.steponfre.CaloriesNotifier$Listener:
    public abstract void passValue()
com.corusen.steponfre.DistanceNotifier:
    104:104:public void passValue()
com.corusen.steponfre.DistanceNotifier$Listener:
    public abstract void passValue()
com.corusen.steponfre.FileUtils
com.corusen.steponfre.FragmentBackupGdrive:
    public static android.net.Uri mFileUri
com.corusen.steponfre.FragmentBackupSdcard:
    165:171:private void showToast(java.lang.String)
com.corusen.steponfre.FragmentBackupSdcard$5
com.corusen.steponfre.FragmentCSV:
    157:210:public void generateCsvFile()
    213:298:public void generateAllCsvFile()
com.corusen.steponfre.FragmentPedometer:
    public static final int ACCUPEDO_INTENT_REQUEST_MANUAL_STEPS
    public static final int NUM_HOURLY_BARS
    public static final int STOP_MODE_NOSAVE
    public static final int STOP_MODE_SAVE
    public static final int START_MODE
    public static final int RESUME_MODE
    public static final int PAUSE_MODE
    private android.widget.TextView mWeatherTextView
    private static final int STEPS_MSG
    private static final int DISTANCE_MSG
    private static final int CALORIES_MSG
    private static final int STEPTIME_MSG
    private static final int UPDATE_MSG
    private static final int GOAL_MSG
    private static final int PERCENT_MSG
    private static final int SPEED_MSG
    private static final int PACE_MSG
    private static final int LAPNUMBER_MSG
    private static final int WEATHER_MSG
    private static final int HOURLYCHART_MSG
    1077:1084:private void updateWeather()
    1219:1237:public boolean checkDBfileExist()
com.corusen.steponfre.FragmentPedometer$17:
    932:934:public void weatherChanged(float)
...
com.fasterxml.jackson.core.util.DefaultPrettyPrinter$Lf2SpacesIndenter
com.fasterxml.jackson.core.util.DefaultPrettyPrinter$NopIndenter
com.fasterxml.jackson.core.util.Instantiatable
com.fasterxml.jackson.core.util.InternCache
com.fasterxml.jackson.core.util.JsonGeneratorDelegate
com.fasterxml.jackson.core.util.JsonParserDelegate
com.fasterxml.jackson.core.util.JsonParserSequence
com.fasterxml.jackson.core.util.MinimalPrettyPrinter
com.fasterxml.jackson.core.util.TextBuffer
com.fasterxml.jackson.core.util.VersionUtil
com.google.android.gms.R:
    9:192:public R()
com.google.android.gms.R$attr
com.google.android.gms.R$color
com.google.android.gms.R$drawable
com.google.android.gms.R$id
com.google.android.gms.R$integer
com.google.android.gms.R$raw
com.google.android.gms.R$string:
    145:145:public R$string()
com.google.android.gms.R$style
com.google.android.gms.R$styleable:
    192:192:public R$styleable()
com.google.android.gms.actions.ItemListIntents
com.google.android.gms.actions.NoteIntents
com.google.android.gms.actions.ReserveIntents
com.google.android.gms.actions.SearchIntents
com.google.android.gms.ads.AdActivity:
    public static final java.lang.String CLASS_NAME
    public static final java.lang.String SIMPLE_CLASS_NAME
com.google.android.gms.ads.AdRequest:
    public static final int ERROR_CODE_INTERNAL_ERROR
    public static final int ERROR_CODE_INVALID_REQUEST
    public static final int ERROR_CODE_NETWORK_ERROR
    public static final int ERROR_CODE_NO_FILL
    public static final int GENDER_UNKNOWN
    public static final int GENDER_MALE
    public static final int GENDER_FEMALE
    public static final int MAX_CONTENT_URL_LENGTH
    public java.util.Date getBirthday()
    public java.lang.String getContentUrl()
    public int getGender()
    public java.util.Set getKeywords()
    public android.location.Location getLocation()
    public com.google.android.gms.ads.mediation.NetworkExtras getNetworkExtras(java.lang.Class)
    public android.os.Bundle getNetworkExtrasBundle(java.lang.Class)
    public android.os.Bundle getCustomEventExtrasBundle(java.lang.Class)
    public boolean isTestDevice(android.content.Context)
com.google.android.gms.ads.AdRequest$Builder:
    public com.google.android.gms.ads.AdRequest$Builder addCustomEventExtrasBundle(java.lang.Class,android.os.Bundle)
    public com.google.android.gms.ads.AdRequest$Builder setContentUrl(java.lang.String)
    public com.google.android.gms.ads.AdRequest$Builder setRequestAgent(java.lang.String)
com.google.android.gms.ads.AdSize:
    public static final int FULL_WIDTH
    public static final int AUTO_HEIGHT
com.google.android.gms.ads.AdView:
    public AdView(android.content.Context,android.util.AttributeSet)
    public AdView(android.content.Context,android.util.AttributeSet,int)
    public void setPlayStorePurchaseParams(com.google.android.gms.ads.purchase.PlayStorePurchaseListener,java.lang.String)
com.google.android.gms.ads.InterstitialAd:
    public com.google.android.gms.ads.AdListener getAdListener()
    public java.lang.String getAdUnitId()
    public com.google.android.gms.ads.purchase.InAppPurchaseListener getInAppPurchaseListener()
    public void setInAppPurchaseListener(com.google.android.gms.ads.purchase.InAppPurchaseListener)
    public void setPlayStorePurchaseParams(com.google.android.gms.ads.purchase.PlayStorePurchaseListener,java.lang.String)
    public java.lang.String getMediationAdapterClassName()
com.google.android.gms.ads.R
com.google.android.gms.ads.R$attr
com.google.android.gms.ads.R$color
com.google.android.gms.ads.R$drawable
com.google.android.gms.ads.R$id
com.google.android.gms.ads.R$integer
com.google.android.gms.ads.R$raw
com.google.android.gms.ads.R$string
com.google.android.gms.ads.R$style
com.google.android.gms.ads.R$styleable